[debug] [2020-07-09T04:24:29.150Z] ----------------------------------------------------------------------
[debug] [2020-07-09T04:24:29.152Z] Command:       C:\Program Files\nodejs\node.exe C:\Users\Aju\AppData\Roaming\npm\node_modules\firebase-tools\lib\bin\firebase.js init
[debug] [2020-07-09T04:24:29.153Z] CLI Version:   8.4.3
[debug] [2020-07-09T04:24:29.153Z] Platform:      win32
[debug] [2020-07-09T04:24:29.153Z] Node Version:  v12.18.1
[debug] [2020-07-09T04:24:29.154Z] Time:          Thu Jul 09 2020 09:54:29 GMT+0530 (India Standard Time)
[debug] [2020-07-09T04:24:29.154Z] ----------------------------------------------------------------------
[debug] [2020-07-09T04:24:29.154Z] 
[debug] [2020-07-09T04:24:29.160Z] > command requires scopes: ["email","openid","https://www.googleapis.com/auth/cloudplatformprojects.readonly","https://www.googleapis.com/auth/firebase","https://www.googleapis.com/auth/cloud-platform"]
[debug] [2020-07-09T04:24:29.161Z] > authorizing via signed-in user
[info] 
     ######## #### ########  ######## ########     ###     ######  ########
     ##        ##  ##     ## ##       ##     ##  ##   ##  ##       ##
     ######    ##  ########  ######   ########  #########  ######  ######
     ##        ##  ##    ##  ##       ##     ## ##     ##       ## ##
     ##       #### ##     ## ######## ########  ##     ##  ######  ########

You're about to initialize a Firebase project in this directory:

  E:\React_projects\instagram-clone

[info] 
=== Project Setup
[info] 
[info] First, let's associate this project directory with a Firebase project.
[info] You can create multiple project aliases by running firebase use --add, 
[info] but for now we'll just set up a default project.
[info] 
[debug] [2020-07-09T04:24:38.982Z] >>> HTTP REQUEST GET https://firebase.googleapis.com/v1beta1/projects?pageSize=100  
 
[debug] [2020-07-09T04:24:40.471Z] Server Error. read ECONNRESET
[debug] [2020-07-09T04:24:41.631Z] FirebaseError: Server Error. read ECONNRESET
    at Request._callback (C:\Users\Aju\AppData\Roaming\npm\node_modules\firebase-tools\lib\api.js:32:31)
    at self.callback (C:\Users\Aju\AppData\Roaming\npm\node_modules\firebase-tools\node_modules\request\request.js:185:22)
    at Request.emit (events.js:315:20)
    at Request.EventEmitter.emit (domain.js:482:12)
    at Request.onRequestError (C:\Users\Aju\AppData\Roaming\npm\node_modules\firebase-tools\node_modules\request\request.js:877:8)
    at ClientRequest.emit (events.js:327:22)
    at ClientRequest.EventEmitter.emit (domain.js:482:12)
    at TLSSocket.socketErrorListener (_http_client.js:426:9)
    at TLSSocket.emit (events.js:315:20)
    at TLSSocket.EventEmitter.emit (domain.js:482:12)
    at emitErrorNT (internal/streams/destroy.js:92:8)
    at emitErrorAndCloseNT (internal/streams/destroy.js:60:3)
    at processTicksAndRejections (internal/process/task_queues.js:84:21)
[error] 
[error] Error: Failed to list Firebase projects. See firebase-debug.log for more info.
